C:\Users\win7\documents\visual studio 2010\Projects\client\client\Debug\cl.command.1.tlog
C:\Users\win7\documents\visual studio 2010\Projects\client\client\Debug\CL.read.1.tlog
C:\Users\win7\documents\visual studio 2010\Projects\client\client\Debug\CL.write.1.tlog
C:\Users\win7\documents\visual studio 2010\Projects\client\client\Debug\client.exe.embed.manifest
C:\USERS\WIN7\DOCUMENTS\VISUAL STUDIO 2010\PROJECTS\CLIENT\CLIENT\DEBUG\CLIENT.EXE.EMBED.MANIFEST.RES
C:\Users\win7\documents\visual studio 2010\Projects\client\client\Debug\client.exe.intermediate.manifest
C:\USERS\WIN7\DOCUMENTS\VISUAL STUDIO 2010\PROJECTS\CLIENT\CLIENT\DEBUG\CLIENT.OBJ
C:\Users\win7\documents\visual studio 2010\Projects\client\client\Debug\client_manifest.rc
C:\Users\win7\documents\visual studio 2010\Projects\client\client\Debug\custombuild.command.1.tlog
C:\Users\win7\documents\visual studio 2010\Projects\client\client\Debug\custombuild.read.1.tlog
C:\Users\win7\documents\visual studio 2010\Projects\client\client\Debug\custombuild.write.1.tlog
C:\Users\win7\documents\visual studio 2010\Projects\client\client\Debug\link.command.1.tlog
C:\Users\win7\documents\visual studio 2010\Projects\client\client\Debug\link.read.1.tlog
C:\Users\win7\documents\visual studio 2010\Projects\client\client\Debug\link.write.1.tlog
C:\Users\win7\documents\visual studio 2010\Projects\client\client\Debug\link-cvtres.read.1.tlog
C:\Users\win7\documents\visual studio 2010\Projects\client\client\Debug\link-cvtres.write.1.tlog
C:\USERS\WIN7\DOCUMENTS\VISUAL STUDIO 2010\PROJECTS\CLIENT\CLIENT\DEBUG\MAIN.OBJ
C:\Users\win7\documents\visual studio 2010\Projects\client\client\Debug\rc.command.1.tlog
C:\Users\win7\documents\visual studio 2010\Projects\client\client\Debug\rc.read.1.tlog
C:\Users\win7\documents\visual studio 2010\Projects\client\client\Debug\rc.write.1.tlog
C:\Users\win7\documents\visual studio 2010\Projects\client\client\Debug\vc100.idb
C:\USERS\WIN7\DOCUMENTS\VISUAL STUDIO 2010\PROJECTS\CLIENT\CLIENT\DEBUG\VC100.PDB
C:\Users\win7\documents\visual studio 2010\Projects\client\Debug\client.pdb
