Build started 12/2/2012 6:39:25 AM.
     1>Project "D:\client\client\client.vcxproj" on node 2 (build target(s)).
     1>InitializeBuildStatus:
         Creating "Debug\client.unsuccessfulbuild" because "AlwaysCreate" was specified.
       CustomBuild:
         MOC client.h
       ClCompile:
         C:\Program Files (x86)\Microsoft Visual Studio 10.0\VC\bin\CL.exe /c /IC:\Qt\4.8.0\include /IC:\Qt\4.8.0\include\QtCore /IC:\Qt\4.8.0\include\QtGui /IC:\Qt\4.8.0\include\QtNetwork /ZI /nologo /W3 /WX- /Od /Oy- /D WIN32 /D _DEBUG /D _WINDOWS /Gm /EHsc /RTC1 /MDd /GS /fp:precise /Zc:wchar_t /Zc:forScope /Fo"Debug\\" /Fd"Debug\vc100.pdb" /Gd /TP /analyze- /errorReport:prompt client.cpp main.cpp tmp\moc\debug_shared\moc_client.cpp
         moc_client.cpp
         client.cpp
     1>d:\client\client\client.cpp(70): warning C4996: 'strcpy': This function or variable may be unsafe. Consider using strcpy_s instead. To disable deprecation, use _CRT_SECURE_NO_WARNINGS. See online help for details.
                 c:\program files (x86)\microsoft visual studio 10.0\vc\include\string.h(105) : see declaration of 'strcpy'
     1>d:\client\client\client.cpp(71): warning C4996: 'strncat': This function or variable may be unsafe. Consider using strncat_s instead. To disable deprecation, use _CRT_SECURE_NO_WARNINGS. See online help for details.
                 c:\program files (x86)\microsoft visual studio 10.0\vc\include\string.h(175) : see declaration of 'strncat'
         Generating Code...
         Compiling...
         main.cpp
         Generating Code...
       ManifestResourceCompile:
         All outputs are up-to-date.
       Link:
         C:\Program Files (x86)\Microsoft Visual Studio 10.0\VC\bin\link.exe /ERRORREPORT:PROMPT /OUT:"D:\client\Debug\client.exe" /INCREMENTAL /NOLOGO /LIBPATH:C:\Qt\4.8.0\lib qtmaind.lib QtCored4.lib QtGuid4.lib QtNetworkd4.lib kernel32.lib user32.lib gdi32.lib winspool.lib comdlg32.lib advapi32.lib shell32.lib ole32.lib oleaut32.lib uuid.lib odbc32.lib odbccp32.lib /MANIFEST /ManifestFile:"Debug\client.exe.intermediate.manifest" /MANIFESTUAC:"level='asInvoker' uiAccess='false'" /DEBUG /PDB:"D:\client\Debug\client.pdb" /SUBSYSTEM:WINDOWS /TLBID:1 /DYNAMICBASE /NXCOMPAT /IMPLIB:"D:\client\Debug\client.lib" /MACHINE:X86 Debug\client.exe.embed.manifest.res
         Debug\client.obj
         Debug\main.obj
         Debug\moc_client.obj
       Manifest:
         C:\Program Files (x86)\Microsoft SDKs\Windows\v7.0A\bin\mt.exe /nologo /verbose /out:"Debug\client.exe.embed.manifest" /manifest Debug\client.exe.intermediate.manifest
         All outputs are up-to-date.
       LinkEmbedManifest:
         All outputs are up-to-date.
         client.vcxproj -> D:\client\Debug\client.exe
       FinalizeBuildStatus:
         Deleting file "Debug\client.unsuccessfulbuild".
         Touching "Debug\client.lastbuildstate".
     1>Done Building Project "D:\client\client\client.vcxproj" (build target(s)).

Build succeeded.

Time Elapsed 00:00:20.10
